Build started 2013/7/29 23:12:12.
     1>Project "C:\Users\Janni\SkyDrive\cc3k\cc3k\cc3k.vcxproj" on node 2 (Build target(s)).
     1>ClCompile:
         C:\Program Files (x86)\Microsoft Visual Studio 11.0\VC\bin\CL.exe /c /ZI /nologo /W3 /WX- /sdl /Od /Oy- /D WIN32 /D _DEBUG /D _CONSOLE /D _UNICODE /D UNICODE /Gm /EHsc /RTC1 /MDd /GS /fp:precise /Zc:wchar_t /Zc:forScope /Yu"stdafx.h" /Fp"Debug\cc3k.pch" /Fo"Debug\\" /Fd"Debug\vc110.pdb" /Gd /TP /analyze- /errorReport:prompt Cell.cpp
         Cell.cpp
     1>c:\users\janni\skydrive\cc3k\cc3k\inventorysystem.h(23): warning C4091: 'extern ' : ignored on left of 'Grid' when no variable is declared
     1>c:\users\janni\skydrive\cc3k\cc3k\cell.h(19): warning C4091: 'extern ' : ignored on left of 'Grid' when no variable is declared
     1>c:\users\janni\skydrive\cc3k\cc3k\cell.cpp(41): warning C4244: 'initializing' : conversion from 'int' to 'float', possible loss of data
     1>c:\users\janni\skydrive\cc3k\cc3k\cell.cpp(42): warning C4244: 'initializing' : conversion from 'int' to 'float', possible loss of data
       Link:
         C:\Program Files (x86)\Microsoft Visual Studio 11.0\VC\bin\link.exe /ERRORREPORT:PROMPT /OUT:"C:\Users\Janni\SkyDrive\cc3k\Debug\cc3k.exe" /INCREMENTAL /NOLOGO kernel32.lib user32.lib gdi32.lib winspool.lib comdlg32.lib advapi32.lib shell32.lib ole32.lib oleaut32.lib uuid.lib odbc32.lib odbccp32.lib /MANIFEST /MANIFESTUAC:"level='asInvoker' uiAccess='false'" /manifest:embed /DEBUG /PDB:"C:\Users\Janni\SkyDrive\cc3k\Debug\cc3k.pdb" /SUBSYSTEM:CONSOLE /TLBID:1 /DYNAMICBASE /NXCOMPAT /IMPLIB:"C:\Users\Janni\SkyDrive\cc3k\Debug\cc3k.lib" /MACHINE:X86 Debug\Abilities.obj
         Debug\cc3k.obj
         Debug\Cell.obj
         Debug\CharacterSystem.obj
         Debug\Grid.obj
         Debug\InventorySystem.obj
         Debug\MapDisplay.obj
         Debug\randomNum.obj
         Debug\stdafx.obj
         cc3k.vcxproj -> C:\Users\Janni\SkyDrive\cc3k\Debug\cc3k.exe
     1>Done Building Project "C:\Users\Janni\SkyDrive\cc3k\cc3k\cc3k.vcxproj" (Build target(s)).

Build succeeded.

Time Elapsed 00:00:01.40
